#-----------------------------------------------------------
# Vivado v2019.2 (64-bit)
# SW Build 2708876 on Wed Nov  6 21:40:23 MST 2019
# IP Build 2700528 on Thu Nov  7 00:09:20 MST 2019
# Start of session at: Sat Apr  3 20:37:07 2021
# Process ID: 13636
# Current directory: C:/Users/user/Desktop/Seven-segment-indicator-with-Nexus/lab_example
# Command line: vivado.exe -gui_launcher_event rodinguilauncherevent3344 C:\Users\user\Desktop\Seven-segment-indicator-with-Nexus\lab_example\lab_example.xpr
# Log file: C:/Users/user/Desktop/Seven-segment-indicator-with-Nexus/lab_example/vivado.log
# Journal file: C:/Users/user/Desktop/Seven-segment-indicator-with-Nexus/lab_example\vivado.jou
#-----------------------------------------------------------
start_guioopen_project C:/Users/user/Desktop/Seven-segment-indicator-with-Nexus/lab_example/lab_example.xpr
INFO: [Project 1-313] Project file moved from 'D:/8190884/Arsen/lab_example' since last save.
Scanning sources...
Finished scanning sources
INFO: [IP_Flow 19-234] Refreshing IP repositories
INFO: [IP_Flow 19-1704] No user IP repositories specified
INFO: [IP_Flow 19-2313] Loaded Vivado IP repository 'D:/Vivado/2019.2/data/ip'.
open_project: Time (s): cpu = 00:00:25 ; elapsed = 00:00:18 . Memory (MB): peak = 701.121 ; gain = 94.957
update_compile_order -fileset sources_1exit
INFO: [Common 17-206] Exiting Vivado at Sat Apr  3 20:38:21 2021...

