#-----------------------------------------------------------
# Vivado v2019.2 (64-bit)
# SW Build 2708876 on Wed Nov  6 21:40:23 MST 2019
# IP Build 2700528 on Thu Nov  7 00:09:20 MST 2019
# Start of session at: Tue Mar 23 09:21:29 2021
# Process ID: 6368
# Current directory: D:/8190884/Arsen/lab_example
# Command line: vivado.exe -gui_launcher_event rodinguilauncherevent3044 D:\8190884\Arsen\lab_example\lab_example.xpr
# Log file: D:/8190884/Arsen/lab_example/vivado.log
# Journal file: D:/8190884/Arsen/lab_example\vivado.jou
#-----------------------------------------------------------
start_gui
open_project D:/8190884/Arsen/lab_example/lab_example.xpr
Scanning sources...
Finished scanning sources
INFO: [IP_Flow 19-234] Refreshing IP repositories
INFO: [IP_Flow 19-1704] No user IP repositories specified
INFO: [IP_Flow 19-2313] Loaded Vivado IP repository 'C:/Xilinx/Vivado/2019.2/data/ip'.
update_compile_order -fileset sources_1
WARNING: [Common 17-9] Error reading message records.
WARNING: [Common 17-9] Error reading message records.
WARNING: [Common 17-9] Error reading message records.
WARNING: [Common 17-9] Error reading message records.
WARNING: [Common 17-9] Error reading message records.
WARNING: [Common 17-9] Error reading message records.
exit
INFO: [Common 17-206] Exiting Vivado at Tue Mar 23 10:35:02 2021...
